36 : -1
17 : -1
26 : -1
0 : 97
39 : -1
0 : 98
39 : -1
0 : 99
39 : -1
0 : 76
6 : -1
1 : 50
19 : -1
29 : -1
21 : -1
23 : -1
1 : 88
23 : -1
22 : -1
19 : -1
30 : -1
21 : -1
0 : 97
22 : -1
19 : -1
29 : -1
21 : -1
23 : -1
1 : 79
23 : -1
22 : -1
19 : -1
30 : -1
21 : -1
0 : 98
22 : -1
19 : -1
29 : -1
21 : -1
23 : -1
1 : 70
23 : -1
22 : -1
19 : -1
30 : -1
21 : -1
0 : 99
22 : -1
19 : -1
31 : -1
21 : -1
0 : 97
10 : -1
0 : 98
12 : -1
0 : 97
10 : -1
0 : 99
22 : -1
17 : -1
0 : 76
6 : -1
0 : 97
19 : -1
18 : -1
32 : -1
17 : -1
31 : -1
21 : -1
0 : 98
10 : -1
0 : 97
12 : -1
0 : 98
10 : -1
0 : 99
22 : -1
17 : -1
0 : 76
6 : -1
0 : 98
19 : -1
18 : -1
32 : -1
17 : -1
0 : 76
6 : -1
0 : 99
19 : -1
18 : -1
18 : -1
29 : -1
21 : -1
23 : -1
1 : 18
22 : -1
19 : -1
29 : -1
21 : -1
0 : 76
22 : -1
19 : -1
18 : -1